<?xml version="1.0" encoding="UTF-8"?>
<!-- Generated by org.testng.reporters.JUnitReportReporter -->
<testsuite skipped="0" hostname="Deepanshusharma" name="testBase.postSecond" tests="1" failures="0" timestamp="31 Oct 2019 09:51:05 GMT" time="2.208" errors="0">
  <testcase name="testThree" time="2.208" classname="testBase.postSecond"/>
</testsuite> <!-- testBase.postSecond -->
