<?xml version="1.0" encoding="UTF-8"?>
<!-- Generated by org.testng.reporters.JUnitReportReporter -->
<testsuite skipped="1" hostname="Deepanshusharma" name="testBase.deleteCase" tests="2" failures="0" timestamp="31 Oct 2019 09:05:40 GMT" time="0.011" errors="1">
  <testcase name="deleteList" time="0.000" classname="testBase.deleteCase">
    <skipped/>
  </testcase> <!-- deleteList -->
  <testcase name="initializeHeaders" time="0.011" classname="testBase.deleteCase">
    <error type="java.lang.StackOverflowError">
      <![CDATA[java.lang.StackOverflowError
at testBase.deleteCase.initializeHeaders(deleteCase.java:21)
at testBase.deleteCase.initializeHeaders(deleteCase.java:21)
at testBase.deleteCase.initializeHeaders(deleteCase.java:21)
at testBase.deleteCase.initializeHeaders(deleteCase.java:21)
at testBase.deleteCase.initializeHeaders(deleteCase.java:21)
at testBase.deleteCase.initializeHeaders(deleteCase.java:21)
at testBase.deleteCase.initializeHeaders(deleteCase.java:21)
at testBase.deleteCase.initializeHeaders(deleteCase.java:21)
at testBase.deleteCase.initializeHeaders(deleteCase.java:21)
at testBase.deleteCase.initializeHeaders(deleteCase.java:21)
at testBase.deleteCase.initializeHeaders(deleteCase.java:21)
at testBase.deleteCase.initializeHeaders(deleteCase.java:21)
at testBase.deleteCase.initializeHeaders(deleteCase.java:21)
at testBase.deleteCase.initializeHeaders(deleteCase.java:21)
at testBase.deleteCase.initializeHeaders(deleteCase.java:21)
at testBase.deleteCase.initializeHeaders(deleteCase.java:21)
at testBase.deleteCase.initializeHeaders(deleteCase.java:21)
at testBase.deleteCase.initializeHeaders(deleteCase.java:21)
at testBase.deleteCase.initializeHeaders(deleteCase.java:21)
at testBase.deleteCase.initializeHeaders(deleteCase.java:21)
at testBase.deleteCase.initializeHeaders(deleteCase.java:21)
at testBase.deleteCase.initializeHeaders(deleteCase.java:21)
at testBase.deleteCase.initializeHeaders(deleteCase.java:21)
at testBase.deleteCase.initializeHeaders(deleteCase.java:21)
at testBase.deleteCase.initializeHeaders(deleteCase.java:21)
at testBase.deleteCase.initializeHeaders(deleteCase.java:21)
at testBase.deleteCase.initializeHeaders(deleteCase.java:21)
at testBase.deleteCase.initializeHeaders(deleteCase.java:21)
at testBase.deleteCase.initializeHeaders(deleteCase.java:21)
at testBase.deleteCase.initializeHeaders(deleteCase.java:21)
at testBase.deleteCase.initializeHeaders(deleteCase.java:21)
at testBase.deleteCase.initializeHeaders(deleteCase.java:21)
at testBase.deleteCase.initializeHeaders(deleteCase.java:21)
at testBase.deleteCase.initializeHeaders(deleteCase.java:21)
at testBase.deleteCase.initializeHeaders(deleteCase.java:21)
at testBase.deleteCase.initializeHeaders(deleteCase.java:21)
at testBase.deleteCase.initializeHeaders(deleteCase.java:21)
at testBase.deleteCase.initializeHeaders(deleteCase.java:21)
at testBase.deleteCase.initializeHeaders(deleteCase.java:21)
at testBase.deleteCase.initializeHeaders(deleteCase.java:21)
at testBase.deleteCase.initializeHeaders(deleteCase.java:21)
at testBase.deleteCase.initializeHeaders(deleteCase.java:21)
at testBase.deleteCase.initializeHeaders(deleteCase.java:21)
at testBase.deleteCase.initializeHeaders(deleteCase.java:21)
at testBase.deleteCase.initializeHeaders(deleteCase.java:21)
at testBase.deleteCase.initializeHeaders(deleteCase.java:21)
at testBase.deleteCase.initializeHeaders(deleteCase.java:21)
at testBase.deleteCase.initializeHeaders(deleteCase.java:21)
at testBase.deleteCase.initializeHeaders(deleteCase.java:21)
at testBase.deleteCase.initializeHeaders(deleteCase.java:21)
at testBase.deleteCase.initializeHeaders(deleteCase.java:21)
at testBase.deleteCase.initializeHeaders(deleteCase.java:21)
at testBase.deleteCase.initializeHeaders(deleteCase.java:21)
at testBase.deleteCase.initializeHeaders(deleteCase.java:21)
at testBase.deleteCase.initializeHeaders(deleteCase.java:21)
at testBase.deleteCase.initializeHeaders(deleteCase.java:21)
at testBase.deleteCase.initializeHeaders(deleteCase.java:21)
at testBase.deleteCase.initializeHeaders(deleteCase.java:21)
at testBase.deleteCase.initializeHeaders(deleteCase.java:21)
at testBase.deleteCase.initializeHeaders(deleteCase.java:21)
at testBase.deleteCase.initializeHeaders(deleteCase.java:21)
at testBase.deleteCase.initializeHeaders(deleteCase.java:21)
at testBase.deleteCase.initializeHeaders(deleteCase.java:21)
at testBase.deleteCase.initializeHeaders(deleteCase.java:21)
at testBase.deleteCase.initializeHeaders(deleteCase.java:21)
at testBase.deleteCase.initializeHeaders(deleteCase.java:21)
at testBase.deleteCase.initializeHeaders(deleteCase.java:21)
at testBase.deleteCase.initializeHeaders(deleteCase.java:21)
at testBase.deleteCase.initializeHeaders(deleteCase.java:21)
at testBase.deleteCase.initializeHeaders(deleteCase.java:21)
at testBase.deleteCase.initializeHeaders(deleteCase.java:21)
at testBase.deleteCase.initializeHeaders(deleteCase.java:21)
at testBase.deleteCase.initializeHeaders(deleteCase.java:21)
at testBase.deleteCase.initializeHeaders(deleteCase.java:21)
at testBase.deleteCase.initializeHeaders(deleteCase.java:21)
at testBase.deleteCase.initializeHeaders(deleteCase.java:21)
at testBase.deleteCase.initializeHeaders(deleteCase.java:21)
at testBase.deleteCase.initializeHeaders(deleteCase.java:21)
at testBase.deleteCase.initializeHeaders(deleteCase.java:21)
at testBase.deleteCase.initializeHeaders(deleteCase.java:21)
at testBase.deleteCase.initializeHeaders(deleteCase.java:21)
at testBase.deleteCase.initializeHeaders(deleteCase.java:21)
at testBase.deleteCase.initializeHeaders(deleteCase.java:21)
at testBase.deleteCase.initializeHeaders(deleteCase.java:21)
at testBase.deleteCase.initializeHeaders(deleteCase.java:21)
at testBase.deleteCase.initializeHeaders(deleteCase.java:21)
at testBase.deleteCase.initializeHeaders(deleteCase.java:21)
at testBase.deleteCase.initializeHeaders(deleteCase.java:21)
at testBase.deleteCase.initializeHeaders(deleteCase.java:21)
at testBase.deleteCase.initializeHeaders(deleteCase.java:21)
at testBase.deleteCase.initializeHeaders(deleteCase.java:21)
at testBase.deleteCase.initializeHeaders(deleteCase.java:21)
at testBase.deleteCase.initializeHeaders(deleteCase.java:21)
at testBase.deleteCase.initializeHeaders(deleteCase.java:21)
at testBase.deleteCase.initializeHeaders(deleteCase.java:21)
at testBase.deleteCase.initializeHeaders(deleteCase.java:21)
at testBase.deleteCase.initializeHeaders(deleteCase.java:21)
at testBase.deleteCase.initializeHeaders(deleteCase.java:21)
at testBase.deleteCase.initializeHeaders(deleteCase.java:21)
at testBase.deleteCase.initializeHeaders(deleteCase.java:21)
at testBase.deleteCase.initializeHeaders(deleteCase.java:21)
at testBase.deleteCase.initializeHeaders(deleteCase.java:21)
at testBase.deleteCase.initializeHeaders(deleteCase.java:21)
at testBase.deleteCase.initializeHeaders(deleteCase.java:21)
at testBase.deleteCase.initializeHeaders(deleteCase.java:21)
at testBase.deleteCase.initializeHeaders(deleteCase.java:21)
at testBase.deleteCase.initializeHeaders(deleteCase.java:21)
at testBase.deleteCase.initializeHeaders(deleteCase.java:21)
at testBase.deleteCase.initializeHeaders(deleteCase.java:21)
at testBase.deleteCase.initializeHeaders(deleteCase.java:21)
at testBase.deleteCase.initializeHeaders(deleteCase.java:21)
at testBase.deleteCase.initializeHeaders(deleteCase.java:21)
at testBase.deleteCase.initializeHeaders(deleteCase.java:21)
at testBase.deleteCase.initializeHeaders(deleteCase.java:21)
at testBase.deleteCase.initializeHeaders(deleteCase.java:21)
at testBase.deleteCase.initializeHeaders(deleteCase.java:21)
at testBase.deleteCase.initializeHeaders(deleteCase.java:21)
at testBase.deleteCase.initializeHeaders(deleteCase.java:21)
at testBase.deleteCase.initializeHeaders(deleteCase.java:21)
at testBase.deleteCase.initializeHeaders(deleteCase.java:21)
at testBase.deleteCase.initializeHeaders(deleteCase.java:21)
at testBase.deleteCase.initializeHeaders(deleteCase.java:21)
at testBase.deleteCase.initializeHeaders(deleteCase.java:21)
at testBase.deleteCase.initializeHeaders(deleteCase.java:21)
at testBase.deleteCase.initializeHeaders(deleteCase.java:21)
at testBase.deleteCase.initializeHeaders(deleteCase.java:21)
at testBase.deleteCase.initializeHeaders(deleteCase.java:21)
at testBase.deleteCase.initializeHeaders(deleteCase.java:21)
at testBase.deleteCase.initializeHeaders(deleteCase.java:21)
at testBase.deleteCase.initializeHeaders(deleteCase.java:21)
at testBase.deleteCase.initializeHeaders(deleteCase.java:21)
at testBase.deleteCase.initializeHeaders(deleteCase.java:21)
at testBase.deleteCase.initializeHeaders(deleteCase.java:21)
at testBase.deleteCase.initializeHeaders(deleteCase.java:21)
at testBase.deleteCase.initializeHeaders(deleteCase.java:21)
at testBase.deleteCase.initializeHeaders(deleteCase.java:21)
at testBase.deleteCase.initializeHeaders(deleteCase.java:21)
at testBase.deleteCase.initializeHeaders(deleteCase.java:21)
at testBase.deleteCase.initializeHeaders(deleteCase.java:21)
at testBase.deleteCase.initializeHeaders(deleteCase.java:21)
at testBase.deleteCase.initializeHeaders(deleteCase.java:21)
at testBase.deleteCase.initializeHeaders(deleteCase.java:21)
at testBase.deleteCase.initializeHeaders(deleteCase.java:21)
at testBase.deleteCase.initializeHeaders(deleteCase.java:21)
at testBase.deleteCase.initializeHeaders(deleteCase.java:21)
at testBase.deleteCase.initializeHeaders(deleteCase.java:21)
at testBase.deleteCase.initializeHeaders(deleteCase.java:21)
at testBase.deleteCase.initializeHeaders(deleteCase.java:21)
at testBase.deleteCase.initializeHeaders(deleteCase.java:21)
at testBase.deleteCase.initializeHeaders(deleteCase.java:21)
at testBase.deleteCase.initializeHeaders(deleteCase.java:21)
at testBase.deleteCase.initializeHeaders(deleteCase.java:21)
at testBase.deleteCase.initializeHeaders(deleteCase.java:21)
at testBase.deleteCase.initializeHeaders(deleteCase.java:21)
at testBase.deleteCase.initializeHeaders(deleteCase.java:21)
at testBase.deleteCase.initializeHeaders(deleteCase.java:21)
at testBase.deleteCase.initializeHeaders(deleteCase.java:21)
at testBase.deleteCase.initializeHeaders(deleteCase.java:21)
at testBase.deleteCase.initializeHeaders(deleteCase.java:21)
at testBase.deleteCase.initializeHeaders(deleteCase.java:21)
at testBase.deleteCase.initializeHeaders(deleteCase.java:21)
at testBase.deleteCase.initializeHeaders(deleteCase.java:21)
at testBase.deleteCase.initializeHeaders(deleteCase.java:21)
at testBase.deleteCase.initializeHeaders(deleteCase.java:21)
at testBase.deleteCase.initializeHeaders(deleteCase.java:21)
at testBase.deleteCase.initializeHeaders(deleteCase.java:21)
at testBase.deleteCase.initializeHeaders(deleteCase.java:21)
at testBase.deleteCase.initializeHeaders(deleteCase.java:21)
at testBase.deleteCase.initializeHeaders(deleteCase.java:21)
at testBase.deleteCase.initializeHeaders(deleteCase.java:21)
at testBase.deleteCase.initializeHeaders(deleteCase.java:21)
at testBase.deleteCase.initializeHeaders(deleteCase.java:21)
at testBase.deleteCase.initializeHeaders(deleteCase.java:21)
at testBase.deleteCase.initializeHeaders(deleteCase.java:21)
at testBase.deleteCase.initializeHeaders(deleteCase.java:21)
at testBase.deleteCase.initializeHeaders(deleteCase.java:21)
at testBase.deleteCase.initializeHeaders(deleteCase.java:21)
at testBase.deleteCase.initializeHeaders(deleteCase.java:21)
at testBase.deleteCase.initializeHeaders(deleteCase.java:21)
at testBase.deleteCase.initializeHeaders(deleteCase.java:21)
at testBase.deleteCase.initializeHeaders(deleteCase.java:21)
at testBase.deleteCase.initializeHeaders(deleteCase.java:21)
at testBase.deleteCase.initializeHeaders(deleteCase.java:21)
at testBase.deleteCase.initializeHeaders(deleteCase.java:21)
at testBase.deleteCase.initializeHeaders(deleteCase.java:21)
at testBase.deleteCase.initializeHeaders(deleteCase.java:21)
at testBase.deleteCase.initializeHeaders(deleteCase.java:21)
at testBase.deleteCase.initializeHeaders(deleteCase.java:21)
at testBase.deleteCase.initializeHeaders(deleteCase.java:21)
at testBase.deleteCase.initializeHeaders(deleteCase.java:21)
at testBase.deleteCase.initializeHeaders(deleteCase.java:21)
at testBase.deleteCase.initializeHeaders(deleteCase.java:21)
at testBase.deleteCase.initializeHeaders(deleteCase.java:21)
at testBase.deleteCase.initializeHeaders(deleteCase.java:21)
at testBase.deleteCase.initializeHeaders(deleteCase.java:21)
at testBase.deleteCase.initializeHeaders(deleteCase.java:21)
at testBase.deleteCase.initializeHeaders(deleteCase.java:21)
at testBase.deleteCase.initializeHeaders(deleteCase.java:21)
at testBase.deleteCase.initializeHeaders(deleteCase.java:21)
at testBase.deleteCase.initializeHeaders(deleteCase.java:21)
at testBase.deleteCase.initializeHeaders(deleteCase.java:21)
at testBase.deleteCase.initializeHeaders(deleteCase.java:21)
at testBase.deleteCase.initializeHeaders(deleteCase.java:21)
at testBase.deleteCase.initializeHeaders(deleteCase.java:21)
at testBase.deleteCase.initializeHeaders(deleteCase.java:21)
at testBase.deleteCase.initializeHeaders(deleteCase.java:21)
at testBase.deleteCase.initializeHeaders(deleteCase.java:21)
at testBase.deleteCase.initializeHeaders(deleteCase.java:21)
at testBase.deleteCase.initializeHeaders(deleteCase.java:21)
at testBase.deleteCase.initializeHeaders(deleteCase.java:21)
at testBase.deleteCase.initializeHeaders(deleteCase.java:21)
at testBase.deleteCase.initializeHeaders(deleteCase.java:21)
at testBase.deleteCase.initializeHeaders(deleteCase.java:21)
at testBase.deleteCase.initializeHeaders(deleteCase.java:21)
at testBase.deleteCase.initializeHeaders(deleteCase.java:21)
at testBase.deleteCase.initializeHeaders(deleteCase.java:21)
at testBase.deleteCase.initializeHeaders(deleteCase.java:21)
at testBase.deleteCase.initializeHeaders(deleteCase.java:21)
at testBase.deleteCase.initializeHeaders(deleteCase.java:21)
at testBase.deleteCase.initializeHeaders(deleteCase.java:21)
at testBase.deleteCase.initializeHeaders(deleteCase.java:21)
at testBase.deleteCase.initializeHeaders(deleteCase.java:21)
at testBase.deleteCase.initializeHeaders(deleteCase.java:21)
at testBase.deleteCase.initializeHeaders(deleteCase.java:21)
at testBase.deleteCase.initializeHeaders(deleteCase.java:21)
at testBase.deleteCase.initializeHeaders(deleteCase.java:21)
at testBase.deleteCase.initializeHeaders(deleteCase.java:21)
at testBase.deleteCase.initializeHeaders(deleteCase.java:21)
at testBase.deleteCase.initializeHeaders(deleteCase.java:21)
at testBase.deleteCase.initializeHeaders(deleteCase.java:21)
at testBase.deleteCase.initializeHeaders(deleteCase.java:21)
at testBase.deleteCase.initializeHeaders(deleteCase.java:21)
at testBase.deleteCase.initializeHeaders(deleteCase.java:21)
at testBase.deleteCase.initializeHeaders(deleteCase.java:21)
at testBase.deleteCase.initializeHeaders(deleteCase.java:21)
at testBase.deleteCase.initializeHeaders(deleteCase.java:21)
at testBase.deleteCase.initializeHeaders(deleteCase.java:21)
at testBase.deleteCase.initializeHeaders(deleteCase.java:21)
at testBase.deleteCase.initializeHeaders(deleteCase.java:21)
at testBase.deleteCase.initializeHeaders(deleteCase.java:21)
at testBase.deleteCase.initializeHeaders(deleteCase.java:21)
at testBase.deleteCase.initializeHeaders(deleteCase.java:21)
at testBase.deleteCase.initializeHeaders(deleteCase.java:21)
at testBase.deleteCase.initializeHeaders(deleteCase.java:21)
at testBase.deleteCase.initializeHeaders(deleteCase.java:21)
at testBase.deleteCase.initializeHeaders(deleteCase.java:21)
at testBase.deleteCase.initializeHeaders(deleteCase.java:21)
at testBase.deleteCase.initializeHeaders(deleteCase.java:21)
at testBase.deleteCase.initializeHeaders(deleteCase.java:21)
at testBase.deleteCase.initializeHeaders(deleteCase.java:21)
at testBase.deleteCase.initializeHeaders(deleteCase.java:21)
at testBase.deleteCase.initializeHeaders(deleteCase.java:21)
at testBase.deleteCase.initializeHeaders(deleteCase.java:21)
at testBase.deleteCase.initializeHeaders(deleteCase.java:21)
at testBase.deleteCase.initializeHeaders(deleteCase.java:21)
at testBase.deleteCase.initializeHeaders(deleteCase.java:21)
at testBase.deleteCase.initializeHeaders(deleteCase.java:21)
at testBase.deleteCase.initializeHeaders(deleteCase.java:21)
at testBase.deleteCase.initializeHeaders(deleteCase.java:21)
at testBase.deleteCase.initializeHeaders(deleteCase.java:21)
at testBase.deleteCase.initializeHeaders(deleteCase.java:21)
at testBase.deleteCase.initializeHeaders(deleteCase.java:21)
at testBase.deleteCase.initializeHeaders(deleteCase.java:21)
at testBase.deleteCase.initializeHeaders(deleteCase.java:21)
at testBase.deleteCase.initializeHeaders(deleteCase.java:21)
at testBase.deleteCase.initializeHeaders(deleteCase.java:21)
at testBase.deleteCase.initializeHeaders(deleteCase.java:21)
at testBase.deleteCase.initializeHeaders(deleteCase.java:21)
at testBase.deleteCase.initializeHeaders(deleteCase.java:21)
at testBase.deleteCase.initializeHeaders(deleteCase.java:21)
at testBase.deleteCase.initializeHeaders(deleteCase.java:21)
at testBase.deleteCase.initializeHeaders(deleteCase.java:21)
at testBase.deleteCase.initializeHeaders(deleteCase.java:21)
at testBase.deleteCase.initializeHeaders(deleteCase.java:21)
at testBase.deleteCase.initializeHeaders(deleteCase.java:21)
at testBase.deleteCase.initializeHeaders(deleteCase.java:21)
at testBase.deleteCase.initializeHeaders(deleteCase.java:21)
at testBase.deleteCase.initializeHeaders(deleteCase.java:21)
at testBase.deleteCase.initializeHeaders(deleteCase.java:21)
at testBase.deleteCase.initializeHeaders(deleteCase.java:21)
at testBase.deleteCase.initializeHeaders(deleteCase.java:21)
at testBase.deleteCase.initializeHeaders(deleteCase.java:21)
at testBase.deleteCase.initializeHeaders(deleteCase.java:21)
at testBase.deleteCase.initializeHeaders(deleteCase.java:21)
at testBase.deleteCase.initializeHeaders(deleteCase.java:21)
at testBase.deleteCase.initializeHeaders(deleteCase.java:21)
at testBase.deleteCase.initializeHeaders(deleteCase.java:21)
at testBase.deleteCase.initializeHeaders(deleteCase.java:21)
at testBase.deleteCase.initializeHeaders(deleteCase.java:21)
at testBase.deleteCase.initializeHeaders(deleteCase.java:21)
at testBase.deleteCase.initializeHeaders(deleteCase.java:21)
at testBase.deleteCase.initializeHeaders(deleteCase.java:21)
at testBase.deleteCase.initializeHeaders(deleteCase.java:21)
at testBase.deleteCase.initializeHeaders(deleteCase.java:21)
at testBase.deleteCase.initializeHeaders(deleteCase.java:21)
at testBase.deleteCase.initializeHeaders(deleteCase.java:21)
at testBase.deleteCase.initializeHeaders(deleteCase.java:21)
at testBase.deleteCase.initializeHeaders(deleteCase.java:21)
at testBase.deleteCase.initializeHeaders(deleteCase.java:21)
at testBase.deleteCase.initializeHeaders(deleteCase.java:21)
at testBase.deleteCase.initializeHeaders(deleteCase.java:21)
at testBase.deleteCase.initializeHeaders(deleteCase.java:21)
at testBase.deleteCase.initializeHeaders(deleteCase.java:21)
at testBase.deleteCase.initializeHeaders(deleteCase.java:21)
at testBase.deleteCase.initializeHeaders(deleteCase.java:21)
at testBase.deleteCase.initializeHeaders(deleteCase.java:21)
at testBase.deleteCase.initializeHeaders(deleteCase.java:21)
at testBase.deleteCase.initializeHeaders(deleteCase.java:21)
at testBase.deleteCase.initializeHeaders(deleteCase.java:21)
at testBase.deleteCase.initializeHeaders(deleteCase.java:21)
at testBase.deleteCase.initializeHeaders(deleteCase.java:21)
at testBase.deleteCase.initializeHeaders(deleteCase.java:21)
at testBase.deleteCase.initializeHeaders(deleteCase.java:21)
at testBase.deleteCase.initializeHeaders(deleteCase.java:21)
at testBase.deleteCase.initializeHeaders(deleteCase.java:21)
at testBase.deleteCase.initializeHeaders(deleteCase.java:21)
at testBase.deleteCase.initializeHeaders(deleteCase.java:21)
at testBase.deleteCase.initializeHeaders(deleteCase.java:21)
at testBase.deleteCase.initializeHeaders(deleteCase.java:21)
at testBase.deleteCase.initializeHeaders(deleteCase.java:21)
at testBase.deleteCase.initializeHeaders(deleteCase.java:21)
at testBase.deleteCase.initializeHeaders(deleteCase.java:21)
at testBase.deleteCase.initializeHeaders(deleteCase.java:21)
at testBase.deleteCase.initializeHeaders(deleteCase.java:21)
at testBase.deleteCase.initializeHeaders(deleteCase.java:21)
at testBase.deleteCase.initializeHeaders(deleteCase.java:21)
at testBase.deleteCase.initializeHeaders(deleteCase.java:21)
at testBase.deleteCase.initializeHeaders(deleteCase.java:21)
at testBase.deleteCase.initializeHeaders(deleteCase.java:21)
at testBase.deleteCase.initializeHeaders(deleteCase.java:21)
at testBase.deleteCase.initializeHeaders(deleteCase.java:21)
at testBase.deleteCase.initializeHeaders(deleteCase.java:21)
at testBase.deleteCase.initializeHeaders(deleteCase.java:21)
at testBase.deleteCase.initializeHeaders(deleteCase.java:21)
at testBase.deleteCase.initializeHeaders(deleteCase.java:21)
at testBase.deleteCase.initializeHeaders(deleteCase.java:21)
at testBase.deleteCase.initializeHeaders(deleteCase.java:21)
at testBase.deleteCase.initializeHeaders(deleteCase.java:21)
at testBase.deleteCase.initializeHeaders(deleteCase.java:21)
at testBase.deleteCase.initializeHeaders(deleteCase.java:21)
at testBase.deleteCase.initializeHeaders(deleteCase.java:21)
at testBase.deleteCase.initializeHeaders(deleteCase.java:21)
at testBase.deleteCase.initializeHeaders(deleteCase.java:21)
at testBase.deleteCase.initializeHeaders(deleteCase.java:21)
at testBase.deleteCase.initializeHeaders(deleteCase.java:21)
at testBase.deleteCase.initializeHeaders(deleteCase.java:21)
at testBase.deleteCase.initializeHeaders(deleteCase.java:21)
at testBase.deleteCase.initializeHeaders(deleteCase.java:21)
at testBase.deleteCase.initializeHeaders(deleteCase.java:21)
at testBase.deleteCase.initializeHeaders(deleteCase.java:21)
at testBase.deleteCase.initializeHeaders(deleteCase.java:21)
at testBase.deleteCase.initializeHeaders(deleteCase.java:21)
at testBase.deleteCase.initializeHeaders(deleteCase.java:21)
at testBase.deleteCase.initializeHeaders(deleteCase.java:21)
at testBase.deleteCase.initializeHeaders(deleteCase.java:21)
at testBase.deleteCase.initializeHeaders(deleteCase.java:21)
at testBase.deleteCase.initializeHeaders(deleteCase.java:21)
at testBase.deleteCase.initializeHeaders(deleteCase.java:21)
at testBase.deleteCase.initializeHeaders(deleteCase.java:21)
at testBase.deleteCase.initializeHeaders(deleteCase.java:21)
at testBase.deleteCase.initializeHeaders(deleteCase.java:21)
at testBase.deleteCase.initializeHeaders(deleteCase.java:21)
at testBase.deleteCase.initializeHeaders(deleteCase.java:21)
at testBase.deleteCase.initializeHeaders(deleteCase.java:21)
at testBase.deleteCase.initializeHeaders(deleteCase.java:21)
at testBase.deleteCase.initializeHeaders(deleteCase.java:21)
at testBase.deleteCase.initializeHeaders(deleteCase.java:21)
at testBase.deleteCase.initializeHeaders(deleteCase.java:21)
at testBase.deleteCase.initializeHeaders(deleteCase.java:21)
at testBase.deleteCase.initializeHeaders(deleteCase.java:21)
at testBase.deleteCase.initializeHeaders(deleteCase.java:21)
at testBase.deleteCase.initializeHeaders(deleteCase.java:21)
at testBase.deleteCase.initializeHeaders(deleteCase.java:21)
at testBase.deleteCase.initializeHeaders(deleteCase.java:21)
at testBase.deleteCase.initializeHeaders(deleteCase.java:21)
at testBase.deleteCase.initializeHeaders(deleteCase.java:21)
at testBase.deleteCase.initializeHeaders(deleteCase.java:21)
at testBase.deleteCase.initializeHeaders(deleteCase.java:21)
at testBase.deleteCase.initializeHeaders(deleteCase.java:21)
at testBase.deleteCase.initializeHeaders(deleteCase.java:21)
at testBase.deleteCase.initializeHeaders(deleteCase.java:21)
at testBase.deleteCase.initializeHeaders(deleteCase.java:21)
at testBase.deleteCase.initializeHeaders(deleteCase.java:21)
at testBase.deleteCase.initializeHeaders(deleteCase.java:21)
at testBase.deleteCase.initializeHeaders(deleteCase.java:21)
at testBase.deleteCase.initializeHeaders(deleteCase.java:21)
at testBase.deleteCase.initializeHeaders(deleteCase.java:21)
at testBase.deleteCase.initializeHeaders(deleteCase.java:21)
at testBase.deleteCase.initializeHeaders(deleteCase.java:21)
at testBase.deleteCase.initializeHeaders(deleteCase.java:21)
at testBase.deleteCase.initializeHeaders(deleteCase.java:21)
at testBase.deleteCase.initializeHeaders(deleteCase.java:21)
at testBase.deleteCase.initializeHeaders(deleteCase.java:21)
at testBase.deleteCase.initializeHeaders(deleteCase.java:21)
at testBase.deleteCase.initializeHeaders(deleteCase.java:21)
at testBase.deleteCase.initializeHeaders(deleteCase.java:21)
at testBase.deleteCase.initializeHeaders(deleteCase.java:21)
at testBase.deleteCase.initializeHeaders(deleteCase.java:21)
at testBase.deleteCase.initializeHeaders(deleteCase.java:21)
at testBase.deleteCase.initializeHeaders(deleteCase.java:21)
at testBase.deleteCase.initializeHeaders(deleteCase.java:21)
at testBase.deleteCase.initializeHeaders(deleteCase.java:21)
at testBase.deleteCase.initializeHeaders(deleteCase.java:21)
at testBase.deleteCase.initializeHeaders(deleteCase.java:21)
at testBase.deleteCase.initializeHeaders(deleteCase.java:21)
at testBase.deleteCase.initializeHeaders(deleteCase.java:21)
at testBase.deleteCase.initializeHeaders(deleteCase.java:21)
at testBase.deleteCase.initializeHeaders(deleteCase.java:21)
at testBase.deleteCase.initializeHeaders(deleteCase.java:21)
at testBase.deleteCase.initializeHeaders(deleteCase.java:21)
at testBase.deleteCase.initializeHeaders(deleteCase.java:21)
at testBase.deleteCase.initializeHeaders(deleteCase.java:21)
at testBase.deleteCase.initializeHeaders(deleteCase.java:21)
at testBase.deleteCase.initializeHeaders(deleteCase.java:21)
at testBase.deleteCase.initializeHeaders(deleteCase.java:21)
at testBase.deleteCase.initializeHeaders(deleteCase.java:21)
at testBase.deleteCase.initializeHeaders(deleteCase.java:21)
at testBase.deleteCase.initializeHeaders(deleteCase.java:21)
at testBase.deleteCase.initializeHeaders(deleteCase.java:21)
at testBase.deleteCase.initializeHeaders(deleteCase.java:21)
at testBase.deleteCase.initializeHeaders(deleteCase.java:21)
at testBase.deleteCase.initializeHeaders(deleteCase.java:21)
at testBase.deleteCase.initializeHeaders(deleteCase.java:21)
at testBase.deleteCase.initializeHeaders(deleteCase.java:21)
at testBase.deleteCase.initializeHeaders(deleteCase.java:21)
at testBase.deleteCase.initializeHeaders(deleteCase.java:21)
at testBase.deleteCase.initializeHeaders(deleteCase.java:21)
at testBase.deleteCase.initializeHeaders(deleteCase.java:21)
at testBase.deleteCase.initializeHeaders(deleteCase.java:21)
at testBase.deleteCase.initializeHeaders(deleteCase.java:21)
at testBase.deleteCase.initializeHeaders(deleteCase.java:21)
at testBase.deleteCase.initializeHeaders(deleteCase.java:21)
at testBase.deleteCase.initializeHeaders(deleteCase.java:21)
at testBase.deleteCase.initializeHeaders(deleteCase.java:21)
at testBase.deleteCase.initializeHeaders(deleteCase.java:21)
at testBase.deleteCase.initializeHeaders(deleteCase.java:21)
at testBase.deleteCase.initializeHeaders(deleteCase.java:21)
at testBase.deleteCase.initializeHeaders(deleteCase.java:21)
at testBase.deleteCase.initializeHeaders(deleteCase.java:21)
at testBase.deleteCase.initializeHeaders(deleteCase.java:21)
at testBase.deleteCase.initializeHeaders(deleteCase.java:21)
at testBase.deleteCase.initializeHeaders(deleteCase.java:21)
at testBase.deleteCase.initializeHeaders(deleteCase.java:21)
at testBase.deleteCase.initializeHeaders(deleteCase.java:21)
at testBase.deleteCase.initializeHeaders(deleteCase.java:21)
at testBase.deleteCase.initializeHeaders(deleteCase.java:21)
at testBase.deleteCase.initializeHeaders(deleteCase.java:21)
at testBase.deleteCase.initializeHeaders(deleteCase.java:21)
at testBase.deleteCase.initializeHeaders(deleteCase.java:21)
at testBase.deleteCase.initializeHeaders(deleteCase.java:21)
at testBase.deleteCase.initializeHeaders(deleteCase.java:21)
at testBase.deleteCase.initializeHeaders(deleteCase.java:21)
at testBase.deleteCase.initializeHeaders(deleteCase.java:21)
at testBase.deleteCase.initializeHeaders(deleteCase.java:21)
at testBase.deleteCase.initializeHeaders(deleteCase.java:21)
at testBase.deleteCase.initializeHeaders(deleteCase.java:21)
at testBase.deleteCase.initializeHeaders(deleteCase.java:21)
at testBase.deleteCase.initializeHeaders(deleteCase.java:21)
at testBase.deleteCase.initializeHeaders(deleteCase.java:21)
at testBase.deleteCase.initializeHeaders(deleteCase.java:21)
at testBase.deleteCase.initializeHeaders(deleteCase.java:21)
at testBase.deleteCase.initializeHeaders(deleteCase.java:21)
at testBase.deleteCase.initializeHeaders(deleteCase.java:21)
at testBase.deleteCase.initializeHeaders(deleteCase.java:21)
at testBase.deleteCase.initializeHeaders(deleteCase.java:21)
at testBase.deleteCase.initializeHeaders(deleteCase.java:21)
at testBase.deleteCase.initializeHeaders(deleteCase.java:21)
at testBase.deleteCase.initializeHeaders(deleteCase.java:21)
at testBase.deleteCase.initializeHeaders(deleteCase.java:21)
at testBase.deleteCase.initializeHeaders(deleteCase.java:21)
at testBase.deleteCase.initializeHeaders(deleteCase.java:21)
at testBase.deleteCase.initializeHeaders(deleteCase.java:21)
at testBase.deleteCase.initializeHeaders(deleteCase.java:21)
at testBase.deleteCase.initializeHeaders(deleteCase.java:21)
at testBase.deleteCase.initializeHeaders(deleteCase.java:21)
at testBase.deleteCase.initializeHeaders(deleteCase.java:21)
at testBase.deleteCase.initializeHeaders(deleteCase.java:21)
at testBase.deleteCase.initializeHeaders(deleteCase.java:21)
at testBase.deleteCase.initializeHeaders(deleteCase.java:21)
at testBase.deleteCase.initializeHeaders(deleteCase.java:21)
at testBase.deleteCase.initializeHeaders(deleteCase.java:21)
at testBase.deleteCase.initializeHeaders(deleteCase.java:21)
at testBase.deleteCase.initializeHeaders(deleteCase.java:21)
at testBase.deleteCase.initializeHeaders(deleteCase.java:21)
at testBase.deleteCase.initializeHeaders(deleteCase.java:21)
at testBase.deleteCase.initializeHeaders(deleteCase.java:21)
at testBase.deleteCase.initializeHeaders(deleteCase.java:21)
at testBase.deleteCase.initializeHeaders(deleteCase.java:21)
at testBase.deleteCase.initializeHeaders(deleteCase.java:21)
at testBase.deleteCase.initializeHeaders(deleteCase.java:21)
at testBase.deleteCase.initializeHeaders(deleteCase.java:21)
at testBase.deleteCase.initializeHeaders(deleteCase.java:21)
at testBase.deleteCase.initializeHeaders(deleteCase.java:21)
at testBase.deleteCase.initializeHeaders(deleteCase.java:21)
at testBase.deleteCase.initializeHeaders(deleteCase.java:21)
at testBase.deleteCase.initializeHeaders(deleteCase.java:21)
at testBase.deleteCase.initializeHeaders(deleteCase.java:21)
at testBase.deleteCase.initializeHeaders(deleteCase.java:21)
at testBase.deleteCase.initializeHeaders(deleteCase.java:21)
at testBase.deleteCase.initializeHeaders(deleteCase.java:21)
at testBase.deleteCase.initializeHeaders(deleteCase.java:21)
at testBase.deleteCase.initializeHeaders(deleteCase.java:21)
at testBase.deleteCase.initializeHeaders(deleteCase.java:21)
at testBase.deleteCase.initializeHeaders(deleteCase.java:21)
at testBase.deleteCase.initializeHeaders(deleteCase.java:21)
at testBase.deleteCase.initializeHeaders(deleteCase.java:21)
at testBase.deleteCase.initializeHeaders(deleteCase.java:21)
at testBase.deleteCase.initializeHeaders(deleteCase.java:21)
at testBase.deleteCase.initializeHeaders(deleteCase.java:21)
at testBase.deleteCase.initializeHeaders(deleteCase.java:21)
at testBase.deleteCase.initializeHeaders(deleteCase.java:21)
at testBase.deleteCase.initializeHeaders(deleteCase.java:21)
at testBase.deleteCase.initializeHeaders(deleteCase.java:21)
at testBase.deleteCase.initializeHeaders(deleteCase.java:21)
at testBase.deleteCase.initializeHeaders(deleteCase.java:21)
at testBase.deleteCase.initializeHeaders(deleteCase.java:21)
at testBase.deleteCase.initializeHeaders(deleteCase.java:21)
at testBase.deleteCase.initializeHeaders(deleteCase.java:21)
at testBase.deleteCase.initializeHeaders(deleteCase.java:21)
at testBase.deleteCase.initializeHeaders(deleteCase.java:21)
at testBase.deleteCase.initializeHeaders(deleteCase.java:21)
at testBase.deleteCase.initializeHeaders(deleteCase.java:21)
at testBase.deleteCase.initializeHeaders(deleteCase.java:21)
at testBase.deleteCase.initializeHeaders(deleteCase.java:21)
at testBase.deleteCase.initializeHeaders(deleteCase.java:21)
at testBase.deleteCase.initializeHeaders(deleteCase.java:21)
at testBase.deleteCase.initializeHeaders(deleteCase.java:21)
at testBase.deleteCase.initializeHeaders(deleteCase.java:21)
at testBase.deleteCase.initializeHeaders(deleteCase.java:21)
at testBase.deleteCase.initializeHeaders(deleteCase.java:21)
at testBase.deleteCase.initializeHeaders(deleteCase.java:21)
at testBase.deleteCase.initializeHeaders(deleteCase.java:21)
at testBase.deleteCase.initializeHeaders(deleteCase.java:21)
at testBase.deleteCase.initializeHeaders(deleteCase.java:21)
at testBase.deleteCase.initializeHeaders(deleteCase.java:21)
at testBase.deleteCase.initializeHeaders(deleteCase.java:21)
at testBase.deleteCase.initializeHeaders(deleteCase.java:21)
at testBase.deleteCase.initializeHeaders(deleteCase.java:21)
at testBase.deleteCase.initializeHeaders(deleteCase.java:21)
at testBase.deleteCase.initializeHeaders(deleteCase.java:21)
at testBase.deleteCase.initializeHeaders(deleteCase.java:21)
at testBase.deleteCase.initializeHeaders(deleteCase.java:21)
at testBase.deleteCase.initializeHeaders(deleteCase.java:21)
at testBase.deleteCase.initializeHeaders(deleteCase.java:21)
at testBase.deleteCase.initializeHeaders(deleteCase.java:21)
at testBase.deleteCase.initializeHeaders(deleteCase.java:21)
at testBase.deleteCase.initializeHeaders(deleteCase.java:21)
at testBase.deleteCase.initializeHeaders(deleteCase.java:21)
at testBase.deleteCase.initializeHeaders(deleteCase.java:21)
at testBase.deleteCase.initializeHeaders(deleteCase.java:21)
at testBase.deleteCase.initializeHeaders(deleteCase.java:21)
at testBase.deleteCase.initializeHeaders(deleteCase.java:21)
at testBase.deleteCase.initializeHeaders(deleteCase.java:21)
at testBase.deleteCase.initializeHeaders(deleteCase.java:21)
at testBase.deleteCase.initializeHeaders(deleteCase.java:21)
at testBase.deleteCase.initializeHeaders(deleteCase.java:21)
at testBase.deleteCase.initializeHeaders(deleteCase.java:21)
at testBase.deleteCase.initializeHeaders(deleteCase.java:21)
at testBase.deleteCase.initializeHeaders(deleteCase.java:21)
at testBase.deleteCase.initializeHeaders(deleteCase.java:21)
at testBase.deleteCase.initializeHeaders(deleteCase.java:21)
at testBase.deleteCase.initializeHeaders(deleteCase.java:21)
at testBase.deleteCase.initializeHeaders(deleteCase.java:21)
at testBase.deleteCase.initializeHeaders(deleteCase.java:21)
at testBase.deleteCase.initializeHeaders(deleteCase.java:21)
at testBase.deleteCase.initializeHeaders(deleteCase.java:21)
at testBase.deleteCase.initializeHeaders(deleteCase.java:21)
at testBase.deleteCase.initializeHeaders(deleteCase.java:21)
at testBase.deleteCase.initializeHeaders(deleteCase.java:21)
at testBase.deleteCase.initializeHeaders(deleteCase.java:21)
at testBase.deleteCase.initializeHeaders(deleteCase.java:21)
at testBase.deleteCase.initializeHeaders(deleteCase.java:21)
at testBase.deleteCase.initializeHeaders(deleteCase.java:21)
at testBase.deleteCase.initializeHeaders(deleteCase.java:21)
at testBase.deleteCase.initializeHeaders(deleteCase.java:21)
at testBase.deleteCase.initializeHeaders(deleteCase.java:21)
at testBase.deleteCase.initializeHeaders(deleteCase.java:21)
at testBase.deleteCase.initializeHeaders(deleteCase.java:21)
at testBase.deleteCase.initializeHeaders(deleteCase.java:21)
at testBase.deleteCase.initializeHeaders(deleteCase.java:21)
at testBase.deleteCase.initializeHeaders(deleteCase.java:21)
at testBase.deleteCase.initializeHeaders(deleteCase.java:21)
at testBase.deleteCase.initializeHeaders(deleteCase.java:21)
at testBase.deleteCase.initializeHeaders(deleteCase.java:21)
at testBase.deleteCase.initializeHeaders(deleteCase.java:21)
at testBase.deleteCase.initializeHeaders(deleteCase.java:21)
at testBase.deleteCase.initializeHeaders(deleteCase.java:21)
at testBase.deleteCase.initializeHeaders(deleteCase.java:21)
at testBase.deleteCase.initializeHeaders(deleteCase.java:21)
at testBase.deleteCase.initializeHeaders(deleteCase.java:21)
at testBase.deleteCase.initializeHeaders(deleteCase.java:21)
at testBase.deleteCase.initializeHeaders(deleteCase.java:21)
at testBase.deleteCase.initializeHeaders(deleteCase.java:21)
at testBase.deleteCase.initializeHeaders(deleteCase.java:21)
at testBase.deleteCase.initializeHeaders(deleteCase.java:21)
at testBase.deleteCase.initializeHeaders(deleteCase.java:21)
at testBase.deleteCase.initializeHeaders(deleteCase.java:21)
at testBase.deleteCase.initializeHeaders(deleteCase.java:21)
at testBase.deleteCase.initializeHeaders(deleteCase.java:21)
at testBase.deleteCase.initializeHeaders(deleteCase.java:21)
at testBase.deleteCase.initializeHeaders(deleteCase.java:21)
at testBase.deleteCase.initializeHeaders(deleteCase.java:21)
at testBase.deleteCase.initializeHeaders(deleteCase.java:21)
at testBase.deleteCase.initializeHeaders(deleteCase.java:21)
at testBase.deleteCase.initializeHeaders(deleteCase.java:21)
at testBase.deleteCase.initializeHeaders(deleteCase.java:21)
at testBase.deleteCase.initializeHeaders(deleteCase.java:21)
at testBase.deleteCase.initializeHeaders(deleteCase.java:21)
at testBase.deleteCase.initializeHeaders(deleteCase.java:21)
at testBase.deleteCase.initializeHeaders(deleteCase.java:21)
at testBase.deleteCase.initializeHeaders(deleteCase.java:21)
at testBase.deleteCase.initializeHeaders(deleteCase.java:21)
at testBase.deleteCase.initializeHeaders(deleteCase.java:21)
at testBase.deleteCase.initializeHeaders(deleteCase.java:21)
at testBase.deleteCase.initializeHeaders(deleteCase.java:21)
at testBase.deleteCase.initializeHeaders(deleteCase.java:21)
at testBase.deleteCase.initializeHeaders(deleteCase.java:21)
at testBase.deleteCase.initializeHeaders(deleteCase.java:21)
at testBase.deleteCase.initializeHeaders(deleteCase.java:21)
at testBase.deleteCase.initializeHeaders(deleteCase.java:21)
at testBase.deleteCase.initializeHeaders(deleteCase.java:21)
at testBase.deleteCase.initializeHeaders(deleteCase.java:21)
at testBase.deleteCase.initializeHeaders(deleteCase.java:21)
at testBase.deleteCase.initializeHeaders(deleteCase.java:21)
at testBase.deleteCase.initializeHeaders(deleteCase.java:21)
at testBase.deleteCase.initializeHeaders(deleteCase.java:21)
at testBase.deleteCase.initializeHeaders(deleteCase.java:21)
at testBase.deleteCase.initializeHeaders(deleteCase.java:21)
at testBase.deleteCase.initializeHeaders(deleteCase.java:21)
at testBase.deleteCase.initializeHeaders(deleteCase.java:21)
at testBase.deleteCase.initializeHeaders(deleteCase.java:21)
at testBase.deleteCase.initializeHeaders(deleteCase.java:21)
at testBase.deleteCase.initializeHeaders(deleteCase.java:21)
at testBase.deleteCase.initializeHeaders(deleteCase.java:21)
at testBase.deleteCase.initializeHeaders(deleteCase.java:21)
at testBase.deleteCase.initializeHeaders(deleteCase.java:21)
at testBase.deleteCase.initializeHeaders(deleteCase.java:21)
at testBase.deleteCase.initializeHeaders(deleteCase.java:21)
at testBase.deleteCase.initializeHeaders(deleteCase.java:21)
at testBase.deleteCase.initializeHeaders(deleteCase.java:21)
at testBase.deleteCase.initializeHeaders(deleteCase.java:21)
at testBase.deleteCase.initializeHeaders(deleteCase.java:21)
at testBase.deleteCase.initializeHeaders(deleteCase.java:21)
at testBase.deleteCase.initializeHeaders(deleteCase.java:21)
at testBase.deleteCase.initializeHeaders(deleteCase.java:21)
at testBase.deleteCase.initializeHeaders(deleteCase.java:21)
at testBase.deleteCase.initializeHeaders(deleteCase.java:21)
at testBase.deleteCase.initializeHeaders(deleteCase.java:21)
at testBase.deleteCase.initializeHeaders(deleteCase.java:21)
at testBase.deleteCase.initializeHeaders(deleteCase.java:21)
at testBase.deleteCase.initializeHeaders(deleteCase.java:21)
at testBase.deleteCase.initializeHeaders(deleteCase.java:21)
at testBase.deleteCase.initializeHeaders(deleteCase.java:21)
at testBase.deleteCase.initializeHeaders(deleteCase.java:21)
at testBase.deleteCase.initializeHeaders(deleteCase.java:21)
at testBase.deleteCase.initializeHeaders(deleteCase.java:21)
at testBase.deleteCase.initializeHeaders(deleteCase.java:21)
at testBase.deleteCase.initializeHeaders(deleteCase.java:21)
at testBase.deleteCase.initializeHeaders(deleteCase.java:21)
at testBase.deleteCase.initializeHeaders(deleteCase.java:21)
at testBase.deleteCase.initializeHeaders(deleteCase.java:21)
at testBase.deleteCase.initializeHeaders(deleteCase.java:21)
at testBase.deleteCase.initializeHeaders(deleteCase.java:21)
at testBase.deleteCase.initializeHeaders(deleteCase.java:21)
at testBase.deleteCase.initializeHeaders(deleteCase.java:21)
at testBase.deleteCase.initializeHeaders(deleteCase.java:21)
at testBase.deleteCase.initializeHeaders(deleteCase.java:21)
at testBase.deleteCase.initializeHeaders(deleteCase.java:21)
at testBase.deleteCase.initializeHeaders(deleteCase.java:21)
at testBase.deleteCase.initializeHeaders(deleteCase.java:21)
at testBase.deleteCase.initializeHeaders(deleteCase.java:21)
at testBase.deleteCase.initializeHeaders(deleteCase.java:21)
at testBase.deleteCase.initializeHeaders(deleteCase.java:21)
at testBase.deleteCase.initializeHeaders(deleteCase.java:21)
at testBase.deleteCase.initializeHeaders(deleteCase.java:21)
at testBase.deleteCase.initializeHeaders(deleteCase.java:21)
at testBase.deleteCase.initializeHeaders(deleteCase.java:21)
at testBase.deleteCase.initializeHeaders(deleteCase.java:21)
at testBase.deleteCase.initializeHeaders(deleteCase.java:21)
at testBase.deleteCase.initializeHeaders(deleteCase.java:21)
at testBase.deleteCase.initializeHeaders(deleteCase.java:21)
at testBase.deleteCase.initializeHeaders(deleteCase.java:21)
at testBase.deleteCase.initializeHeaders(deleteCase.java:21)
at testBase.deleteCase.initializeHeaders(deleteCase.java:21)
at testBase.deleteCase.initializeHeaders(deleteCase.java:21)
at testBase.deleteCase.initializeHeaders(deleteCase.java:21)
at testBase.deleteCase.initializeHeaders(deleteCase.java:21)
at testBase.deleteCase.initializeHeaders(deleteCase.java:21)
at testBase.deleteCase.initializeHeaders(deleteCase.java:21)
at testBase.deleteCase.initializeHeaders(deleteCase.java:21)
at testBase.deleteCase.initializeHeaders(deleteCase.java:21)
at testBase.deleteCase.initializeHeaders(deleteCase.java:21)
at testBase.deleteCase.initializeHeaders(deleteCase.java:21)
at testBase.deleteCase.initializeHeaders(deleteCase.java:21)
at testBase.deleteCase.initializeHeaders(deleteCase.java:21)
at testBase.deleteCase.initializeHeaders(deleteCase.java:21)
at testBase.deleteCase.initializeHeaders(deleteCase.java:21)
at testBase.deleteCase.initializeHeaders(deleteCase.java:21)
at testBase.deleteCase.initializeHeaders(deleteCase.java:21)
at testBase.deleteCase.initializeHeaders(deleteCase.java:21)
at testBase.deleteCase.initializeHeaders(deleteCase.java:21)
at testBase.deleteCase.initializeHeaders(deleteCase.java:21)
at testBase.deleteCase.initializeHeaders(deleteCase.java:21)
at testBase.deleteCase.initializeHeaders(deleteCase.java:21)
at testBase.deleteCase.initializeHeaders(deleteCase.java:21)
at testBase.deleteCase.initializeHeaders(deleteCase.java:21)
at testBase.deleteCase.initializeHeaders(deleteCase.java:21)
at testBase.deleteCase.initializeHeaders(deleteCase.java:21)
at testBase.deleteCase.initializeHeaders(deleteCase.java:21)
at testBase.deleteCase.initializeHeaders(deleteCase.java:21)
at testBase.deleteCase.initializeHeaders(deleteCase.java:21)
at testBase.deleteCase.initializeHeaders(deleteCase.java:21)
at testBase.deleteCase.initializeHeaders(deleteCase.java:21)
at testBase.deleteCase.initializeHeaders(deleteCase.java:21)
at testBase.deleteCase.initializeHeaders(deleteCase.java:21)
at testBase.deleteCase.initializeHeaders(deleteCase.java:21)
at testBase.deleteCase.initializeHeaders(deleteCase.java:21)
at testBase.deleteCase.initializeHeaders(deleteCase.java:21)
at testBase.deleteCase.initializeHeaders(deleteCase.java:21)
at testBase.deleteCase.initializeHeaders(deleteCase.java:21)
at testBase.deleteCase.initializeHeaders(deleteCase.java:21)
at testBase.deleteCase.initializeHeaders(deleteCase.java:21)
at testBase.deleteCase.initializeHeaders(deleteCase.java:21)
at testBase.deleteCase.initializeHeaders(deleteCase.java:21)
at testBase.deleteCase.initializeHeaders(deleteCase.java:21)
at testBase.deleteCase.initializeHeaders(deleteCase.java:21)
at testBase.deleteCase.initializeHeaders(deleteCase.java:21)
at testBase.deleteCase.initializeHeaders(deleteCase.java:21)
at testBase.deleteCase.initializeHeaders(deleteCase.java:21)
at testBase.deleteCase.initializeHeaders(deleteCase.java:21)
at testBase.deleteCase.initializeHeaders(deleteCase.java:21)
at testBase.deleteCase.initializeHeaders(deleteCase.java:21)
at testBase.deleteCase.initializeHeaders(deleteCase.java:21)
at testBase.deleteCase.initializeHeaders(deleteCase.java:21)
at testBase.deleteCase.initializeHeaders(deleteCase.java:21)
at testBase.deleteCase.initializeHeaders(deleteCase.java:21)
at testBase.deleteCase.initializeHeaders(deleteCase.java:21)
at testBase.deleteCase.initializeHeaders(deleteCase.java:21)
at testBase.deleteCase.initializeHeaders(deleteCase.java:21)
at testBase.deleteCase.initializeHeaders(deleteCase.java:21)
at testBase.deleteCase.initializeHeaders(deleteCase.java:21)
at testBase.deleteCase.initializeHeaders(deleteCase.java:21)
at testBase.deleteCase.initializeHeaders(deleteCase.java:21)
at testBase.deleteCase.initializeHeaders(deleteCase.java:21)
at testBase.deleteCase.initializeHeaders(deleteCase.java:21)
at testBase.deleteCase.initializeHeaders(deleteCase.java:21)
at testBase.deleteCase.initializeHeaders(deleteCase.java:21)
at testBase.deleteCase.initializeHeaders(deleteCase.java:21)
at testBase.deleteCase.initializeHeaders(deleteCase.java:21)
at testBase.deleteCase.initializeHeaders(deleteCase.java:21)
at testBase.deleteCase.initializeHeaders(deleteCase.java:21)
at testBase.deleteCase.initializeHeaders(deleteCase.java:21)
at testBase.deleteCase.initializeHeaders(deleteCase.java:21)
at testBase.deleteCase.initializeHeaders(deleteCase.java:21)
at testBase.deleteCase.initializeHeaders(deleteCase.java:21)
at testBase.deleteCase.initializeHeaders(deleteCase.java:21)
at testBase.deleteCase.initializeHeaders(deleteCase.java:21)
at testBase.deleteCase.initializeHeaders(deleteCase.java:21)
at testBase.deleteCase.initializeHeaders(deleteCase.java:21)
at testBase.deleteCase.initializeHeaders(deleteCase.java:21)
at testBase.deleteCase.initializeHeaders(deleteCase.java:21)
at testBase.deleteCase.initializeHeaders(deleteCase.java:21)
at testBase.deleteCase.initializeHeaders(deleteCase.java:21)
at testBase.deleteCase.initializeHeaders(deleteCase.java:21)
at testBase.deleteCase.initializeHeaders(deleteCase.java:21)
at testBase.deleteCase.initializeHeaders(deleteCase.java:21)
at testBase.deleteCase.initializeHeaders(deleteCase.java:21)
at testBase.deleteCase.initializeHeaders(deleteCase.java:21)
at testBase.deleteCase.initializeHeaders(deleteCase.java:21)
at testBase.deleteCase.initializeHeaders(deleteCase.java:21)
at testBase.deleteCase.initializeHeaders(deleteCase.java:21)
at testBase.deleteCase.initializeHeaders(deleteCase.java:21)
at testBase.deleteCase.initializeHeaders(deleteCase.java:21)
at testBase.deleteCase.initializeHeaders(deleteCase.java:21)
at testBase.deleteCase.initializeHeaders(deleteCase.java:21)
at testBase.deleteCase.initializeHeaders(deleteCase.java:21)
at testBase.deleteCase.initializeHeaders(deleteCase.java:21)
at testBase.deleteCase.initializeHeaders(deleteCase.java:21)
at testBase.deleteCase.initializeHeaders(deleteCase.java:21)
at testBase.deleteCase.initializeHeaders(deleteCase.java:21)
at testBase.deleteCase.initializeHeaders(deleteCase.java:21)
at testBase.deleteCase.initializeHeaders(deleteCase.java:21)
at testBase.deleteCase.initializeHeaders(deleteCase.java:21)
at testBase.deleteCase.initializeHeaders(deleteCase.java:21)
at testBase.deleteCase.initializeHeaders(deleteCase.java:21)
at testBase.deleteCase.initializeHeaders(deleteCase.java:21)
at testBase.deleteCase.initializeHeaders(deleteCase.java:21)
at testBase.deleteCase.initializeHeaders(deleteCase.java:21)
at testBase.deleteCase.initializeHeaders(deleteCase.java:21)
at testBase.deleteCase.initializeHeaders(deleteCase.java:21)
at testBase.deleteCase.initializeHeaders(deleteCase.java:21)
at testBase.deleteCase.initializeHeaders(deleteCase.java:21)
at testBase.deleteCase.initializeHeaders(deleteCase.java:21)
at testBase.deleteCase.initializeHeaders(deleteCase.java:21)
at testBase.deleteCase.initializeHeaders(deleteCase.java:21)
at testBase.deleteCase.initializeHeaders(deleteCase.java:21)
at testBase.deleteCase.initializeHeaders(deleteCase.java:21)
at testBase.deleteCase.initializeHeaders(deleteCase.java:21)
at testBase.deleteCase.initializeHeaders(deleteCase.java:21)
at testBase.deleteCase.initializeHeaders(deleteCase.java:21)
at testBase.deleteCase.initializeHeaders(deleteCase.java:21)
at testBase.deleteCase.initializeHeaders(deleteCase.java:21)
at testBase.deleteCase.initializeHeaders(deleteCase.java:21)
at testBase.deleteCase.initializeHeaders(deleteCase.java:21)
at testBase.deleteCase.initializeHeaders(deleteCase.java:21)
at testBase.deleteCase.initializeHeaders(deleteCase.java:21)
at testBase.deleteCase.initializeHeaders(deleteCase.java:21)
at testBase.deleteCase.initializeHeaders(deleteCase.java:21)
at testBase.deleteCase.initializeHeaders(deleteCase.java:21)
at testBase.deleteCase.initializeHeaders(deleteCase.java:21)
at testBase.deleteCase.initializeHeaders(deleteCase.java:21)
at testBase.deleteCase.initializeHeaders(deleteCase.java:21)
at testBase.deleteCase.initializeHeaders(deleteCase.java:21)
at testBase.deleteCase.initializeHeaders(deleteCase.java:21)
at testBase.deleteCase.initializeHeaders(deleteCase.java:21)
at testBase.deleteCase.initializeHeaders(deleteCase.java:21)
at testBase.deleteCase.initializeHeaders(deleteCase.java:21)
at testBase.deleteCase.initializeHeaders(deleteCase.java:21)
at testBase.deleteCase.initializeHeaders(deleteCase.java:21)
at testBase.deleteCase.initializeHeaders(deleteCase.java:21)
at testBase.deleteCase.initializeHeaders(deleteCase.java:21)
at testBase.deleteCase.initializeHeaders(deleteCase.java:21)
at testBase.deleteCase.initializeHeaders(deleteCase.java:21)
at testBase.deleteCase.initializeHeaders(deleteCase.java:21)
at testBase.deleteCase.initializeHeaders(deleteCase.java:21)
at testBase.deleteCase.initializeHeaders(deleteCase.java:21)
at testBase.deleteCase.initializeHeaders(deleteCase.java:21)
at testBase.deleteCase.initializeHeaders(deleteCase.java:21)
at testBase.deleteCase.initializeHeaders(deleteCase.java:21)
at testBase.deleteCase.initializeHeaders(deleteCase.java:21)
at testBase.deleteCase.initializeHeaders(deleteCase.java:21)
at testBase.deleteCase.initializeHeaders(deleteCase.java:21)
at testBase.deleteCase.initializeHeaders(deleteCase.java:21)
at testBase.deleteCase.initializeHeaders(deleteCase.java:21)
at testBase.deleteCase.initializeHeaders(deleteCase.java:21)
at testBase.deleteCase.initializeHeaders(deleteCase.java:21)
at testBase.deleteCase.initializeHeaders(deleteCase.java:21)
at testBase.deleteCase.initializeHeaders(deleteCase.java:21)
at testBase.deleteCase.initializeHeaders(deleteCase.java:21)
at testBase.deleteCase.initializeHeaders(deleteCase.java:21)
at testBase.deleteCase.initializeHeaders(deleteCase.java:21)
at testBase.deleteCase.initializeHeaders(deleteCase.java:21)
at testBase.deleteCase.initializeHeaders(deleteCase.java:21)
at testBase.deleteCase.initializeHeaders(deleteCase.java:21)
at testBase.deleteCase.initializeHeaders(deleteCase.java:21)
at testBase.deleteCase.initializeHeaders(deleteCase.java:21)
at testBase.deleteCase.initializeHeaders(deleteCase.java:21)
at testBase.deleteCase.initializeHeaders(deleteCase.java:21)
at testBase.deleteCase.initializeHeaders(deleteCase.java:21)
at testBase.deleteCase.initializeHeaders(deleteCase.java:21)
at testBase.deleteCase.initializeHeaders(deleteCase.java:21)
at testBase.deleteCase.initializeHeaders(deleteCase.java:21)
at testBase.deleteCase.initializeHeaders(deleteCase.java:21)
at testBase.deleteCase.initializeHeaders(deleteCase.java:21)
at testBase.deleteCase.initializeHeaders(deleteCase.java:21)
at testBase.deleteCase.initializeHeaders(deleteCase.java:21)
at testBase.deleteCase.initializeHeaders(deleteCase.java:21)
at testBase.deleteCase.initializeHeaders(deleteCase.java:21)
at testBase.deleteCase.initializeHeaders(deleteCase.java:21)
at testBase.deleteCase.initializeHeaders(deleteCase.java:21)
at testBase.deleteCase.initializeHeaders(deleteCase.java:21)
at testBase.deleteCase.initializeHeaders(deleteCase.java:21)
at testBase.deleteCase.initializeHeaders(deleteCase.java:21)
at testBase.deleteCase.initializeHeaders(deleteCase.java:21)
at testBase.deleteCase.initializeHeaders(deleteCase.java:21)
at testBase.deleteCase.initializeHeaders(deleteCase.java:21)
at testBase.deleteCase.initializeHeaders(deleteCase.java:21)
at testBase.deleteCase.initializeHeaders(deleteCase.java:21)
at testBase.deleteCase.initializeHeaders(deleteCase.java:21)
at testBase.deleteCase.initializeHeaders(deleteCase.java:21)
at testBase.deleteCase.initializeHeaders(deleteCase.java:21)
at testBase.deleteCase.initializeHeaders(deleteCase.java:21)
at testBase.deleteCase.initializeHeaders(deleteCase.java:21)
at testBase.deleteCase.initializeHeaders(deleteCase.java:21)
at testBase.deleteCase.initializeHeaders(deleteCase.java:21)
at testBase.deleteCase.initializeHeaders(deleteCase.java:21)
at testBase.deleteCase.initializeHeaders(deleteCase.java:21)
at testBase.deleteCase.initializeHeaders(deleteCase.java:21)
at testBase.deleteCase.initializeHeaders(deleteCase.java:21)
at testBase.deleteCase.initializeHeaders(deleteCase.java:21)
at testBase.deleteCase.initializeHeaders(deleteCase.java:21)
at testBase.deleteCase.initializeHeaders(deleteCase.java:21)
at testBase.deleteCase.initializeHeaders(deleteCase.java:21)
at testBase.deleteCase.initializeHeaders(deleteCase.java:21)
at testBase.deleteCase.initializeHeaders(deleteCase.java:21)
at testBase.deleteCase.initializeHeaders(deleteCase.java:21)
at testBase.deleteCase.initializeHeaders(deleteCase.java:21)
at testBase.deleteCase.initializeHeaders(deleteCase.java:21)
at testBase.deleteCase.initializeHeaders(deleteCase.java:21)
at testBase.deleteCase.initializeHeaders(deleteCase.java:21)
at testBase.deleteCase.initializeHeaders(deleteCase.java:21)
at testBase.deleteCase.initializeHeaders(deleteCase.java:21)
at testBase.deleteCase.initializeHeaders(deleteCase.java:21)
at testBase.deleteCase.initializeHeaders(deleteCase.java:21)
at testBase.deleteCase.initializeHeaders(deleteCase.java:21)
at testBase.deleteCase.initializeHeaders(deleteCase.java:21)
at testBase.deleteCase.initializeHeaders(deleteCase.java:21)
at testBase.deleteCase.initializeHeaders(deleteCase.java:21)
at testBase.deleteCase.initializeHeaders(deleteCase.java:21)
at testBase.deleteCase.initializeHeaders(deleteCase.java:21)
at testBase.deleteCase.initializeHeaders(deleteCase.java:21)
at testBase.deleteCase.initializeHeaders(deleteCase.java:21)
at testBase.deleteCase.initializeHeaders(deleteCase.java:21)
at testBase.deleteCase.initializeHeaders(deleteCase.java:21)
at testBase.deleteCase.initializeHeaders(deleteCase.java:21)
at testBase.deleteCase.initializeHeaders(deleteCase.java:21)
at testBase.deleteCase.initializeHeaders(deleteCase.java:21)
at testBase.deleteCase.initializeHeaders(deleteCase.java:21)
at testBase.deleteCase.initializeHeaders(deleteCase.java:21)
at testBase.deleteCase.initializeHeaders(deleteCase.java:21)
at testBase.deleteCase.initializeHeaders(deleteCase.java:21)
at testBase.deleteCase.initializeHeaders(deleteCase.java:21)
at testBase.deleteCase.initializeHeaders(deleteCase.java:21)
at testBase.deleteCase.initializeHeaders(deleteCase.java:21)
at testBase.deleteCase.initializeHeaders(deleteCase.java:21)
at testBase.deleteCase.initializeHeaders(deleteCase.java:21)
at testBase.deleteCase.initializeHeaders(deleteCase.java:21)
at testBase.deleteCase.initializeHeaders(deleteCase.java:21)
at testBase.deleteCase.initializeHeaders(deleteCase.java:21)
at testBase.deleteCase.initializeHeaders(deleteCase.java:21)
at testBase.deleteCase.initializeHeaders(deleteCase.java:21)
at testBase.deleteCase.initializeHeaders(deleteCase.java:21)
at testBase.deleteCase.initializeHeaders(deleteCase.java:21)
at testBase.deleteCase.initializeHeaders(deleteCase.java:21)
at testBase.deleteCase.initializeHeaders(deleteCase.java:21)
at testBase.deleteCase.initializeHeaders(deleteCase.java:21)
at testBase.deleteCase.initializeHeaders(deleteCase.java:21)
at testBase.deleteCase.initializeHeaders(deleteCase.java:21)
at testBase.deleteCase.initializeHeaders(deleteCase.java:21)
at testBase.deleteCase.initializeHeaders(deleteCase.java:21)
at testBase.deleteCase.initializeHeaders(deleteCase.java:21)
at testBase.deleteCase.initializeHeaders(deleteCase.java:21)
at testBase.deleteCase.initializeHeaders(deleteCase.java:21)
at testBase.deleteCase.initializeHeaders(deleteCase.java:21)
at testBase.deleteCase.initializeHeaders(deleteCase.java:21)
at testBase.deleteCase.initializeHeaders(deleteCase.java:21)
at testBase.deleteCase.initializeHeaders(deleteCase.java:21)
at testBase.deleteCase.initializeHeaders(deleteCase.java:21)
at testBase.deleteCase.initializeHeaders(deleteCase.java:21)
at testBase.deleteCase.initializeHeaders(deleteCase.java:21)
at testBase.deleteCase.initializeHeaders(deleteCase.java:21)
at testBase.deleteCase.initializeHeaders(deleteCase.java:21)
at testBase.deleteCase.initializeHeaders(deleteCase.java:21)
at testBase.deleteCase.initializeHeaders(deleteCase.java:21)
at testBase.deleteCase.initializeHeaders(deleteCase.java:21)
at testBase.deleteCase.initializeHeaders(deleteCase.java:21)
at testBase.deleteCase.initializeHeaders(deleteCase.java:21)
at testBase.deleteCase.initializeHeaders(deleteCase.java:21)
at testBase.deleteCase.initializeHeaders(deleteCase.java:21)
at testBase.deleteCase.initializeHeaders(deleteCase.java:21)
at testBase.deleteCase.initializeHeaders(deleteCase.java:21)
at testBase.deleteCase.initializeHeaders(deleteCase.java:21)
at testBase.deleteCase.initializeHeaders(deleteCase.java:21)
at testBase.deleteCase.initializeHeaders(deleteCase.java:21)
at testBase.deleteCase.initializeHeaders(deleteCase.java:21)
at testBase.deleteCase.initializeHeaders(deleteCase.java:21)
at testBase.deleteCase.initializeHeaders(deleteCase.java:21)
at testBase.deleteCase.initializeHeaders(deleteCase.java:21)
at testBase.deleteCase.initializeHeaders(deleteCase.java:21)
at testBase.deleteCase.initializeHeaders(deleteCase.java:21)
at testBase.deleteCase.initializeHeaders(deleteCase.java:21)
at testBase.deleteCase.initializeHeaders(deleteCase.java:21)
at testBase.deleteCase.initializeHeaders(deleteCase.java:21)
at testBase.deleteCase.initializeHeaders(deleteCase.java:21)
at testBase.deleteCase.initializeHeaders(deleteCase.java:21)
at testBase.deleteCase.initializeHeaders(deleteCase.java:21)
at testBase.deleteCase.initializeHeaders(deleteCase.java:21)
at testBase.deleteCase.initializeHeaders(deleteCase.java:21)
at testBase.deleteCase.initializeHeaders(deleteCase.java:21)
at testBase.deleteCase.initializeHeaders(deleteCase.java:21)
at testBase.deleteCase.initializeHeaders(deleteCase.java:21)
at testBase.deleteCase.initializeHeaders(deleteCase.java:21)
at testBase.deleteCase.initializeHeaders(deleteCase.java:21)
at testBase.deleteCase.initializeHeaders(deleteCase.java:21)
at testBase.deleteCase.initializeHeaders(deleteCase.java:21)
at testBase.deleteCase.initializeHeaders(deleteCase.java:21)
at testBase.deleteCase.initializeHeaders(deleteCase.java:21)
at testBase.deleteCase.initializeHeaders(deleteCase.java:21)
at testBase.deleteCase.initializeHeaders(deleteCase.java:21)
at testBase.deleteCase.initializeHeaders(deleteCase.java:21)
at testBase.deleteCase.initializeHeaders(deleteCase.java:21)
at testBase.deleteCase.initializeHeaders(deleteCase.java:21)
at testBase.deleteCase.initializeHeaders(deleteCase.java:21)
at testBase.deleteCase.initializeHeaders(deleteCase.java:21)
at testBase.deleteCase.initializeHeaders(deleteCase.java:21)
at testBase.deleteCase.initializeHeaders(deleteCase.java:21)
at testBase.deleteCase.initializeHeaders(deleteCase.java:21)
at testBase.deleteCase.initializeHeaders(deleteCase.java:21)
at testBase.deleteCase.initializeHeaders(deleteCase.java:21)
at testBase.deleteCase.initializeHeaders(deleteCase.java:21)
at testBase.deleteCase.initializeHeaders(deleteCase.java:21)
at testBase.deleteCase.initializeHeaders(deleteCase.java:21)
at testBase.deleteCase.initializeHeaders(deleteCase.java:21)
at testBase.deleteCase.initializeHeaders(deleteCase.java:21)
at testBase.deleteCase.initializeHeaders(deleteCase.java:21)
at testBase.deleteCase.initializeHeaders(deleteCase.java:21)
at testBase.deleteCase.initializeHeaders(deleteCase.java:21)
at testBase.deleteCase.initializeHeaders(deleteCase.java:21)
at testBase.deleteCase.initializeHeaders(deleteCase.java:21)
at testBase.deleteCase.initializeHeaders(deleteCase.java:21)
at testBase.deleteCase.initializeHeaders(deleteCase.java:21)
at testBase.deleteCase.initializeHeaders(deleteCase.java:21)
at testBase.deleteCase.initializeHeaders(deleteCase.java:21)
at testBase.deleteCase.initializeHeaders(deleteCase.java:21)
at testBase.deleteCase.initializeHeaders(deleteCase.java:21)
at testBase.deleteCase.initializeHeaders(deleteCase.java:21)
at testBase.deleteCase.initializeHeaders(deleteCase.java:21)
at testBase.deleteCase.initializeHeaders(deleteCase.java:21)
at testBase.deleteCase.initializeHeaders(deleteCase.java:21)
at testBase.deleteCase.initializeHeaders(deleteCase.java:21)
at testBase.deleteCase.initializeHeaders(deleteCase.java:21)
at testBase.deleteCase.initializeHeaders(deleteCase.java:21)
at testBase.deleteCase.initializeHeaders(deleteCase.java:21)
at testBase.deleteCase.initializeHeaders(deleteCase.java:21)
at testBase.deleteCase.initializeHeaders(deleteCase.java:21)
at testBase.deleteCase.initializeHeaders(deleteCase.java:21)
at testBase.deleteCase.initializeHeaders(deleteCase.java:21)
at testBase.deleteCase.initializeHeaders(deleteCase.java:21)
at testBase.deleteCase.initializeHeaders(deleteCase.java:21)
at testBase.deleteCase.initializeHeaders(deleteCase.java:21)
at testBase.deleteCase.initializeHeaders(deleteCase.java:21)
at testBase.deleteCase.initializeHeaders(deleteCase.java:21)
at testBase.deleteCase.initializeHeaders(deleteCase.java:21)
at testBase.deleteCase.initializeHeaders(deleteCase.java:21)
]]>
    </error>
  </testcase> <!-- initializeHeaders -->
</testsuite> <!-- testBase.deleteCase -->
